<?xml version="1.0" encoding="UTF-8"?>
<testsuites name="CHS_DDT_Appointment_Facility" time="76.725" tests="3" failures="0" errors="0">
   <testsuite name="CHS_DDT_Appointment_Facility" tests="3" failures="0" errors="0" time="76.725" skipped="0" timestamp="30-01-2024T07:37:38" hostname="jithujoji - localhost" id="Test Suites/CHS_DDT/CHS_DDT_Appointment_Facility">
      <properties>
         <property name="deviceName" value=""/>
         <property name="devicePlatform" value=""/>
         <property name="logFolder" value="/Users/jithujoji/git/SI-GuidedProject-704086-1706432814/Reports/20240130_073735/CHS_DDT/CHS_DDT_Appointment_Facility/20240130_073736"/>
         <property name="logFiles" value="/Users/jithujoji/git/SI-GuidedProject-704086-1706432814/Reports/20240130_073735/CHS_DDT/CHS_DDT_Appointment_Facility/20240130_073736/execution0.log"/>
         <property name="attachments" value=""/>
         <property name="hostName" value="jithujoji - localhost"/>
         <property name="os" value="Mac OS X 64bit"/>
         <property name="katalonVersion" value="9.1.0.212"/>
         <property name="browser" value="Chrome 121.0.0.0"/>
         <property name="hostAddress" value="127.0.0.1"/>
         <property name="sessionId" value="ef69cdfa52355231d9f81ae5ee7ba013"/>
         <property name="seleniumVersion" value="3.141.59"/>
         <property name="proxyInformation" value="ProxyInformation { proxyOption=NO_PROXY, proxyServerType=HTTP, username=, password=********, proxyServerAddress=, proxyServerPort=0, executionList=&quot;&quot;, isApplyToDesiredCapabilities=true }"/>
         <property name="platform" value="Mac OS X"/>
      </properties>
      <testcase name="Test Cases/CHS_Data Driven/TC_CHS_Appointment_002" time="24.107" classname="Test Cases/CHS_Data Driven/TC_CHS_Appointment_002" status="PASSED">
         <system-out><![CDATA[30-01-2024T07:37:38 - [TEST_CASE][PASSED] - Test Cases/CHS_Data Driven/TC_CHS_Appointment_002: Test Cases/CHS_Data Driven/TC_CHS_Appointment_002

30-01-2024T07:37:38 - [TEST_STEP][PASSED] - openBrowser(""): Browser is opened with url: ''

30-01-2024T07:37:38 - [MESSAGE][INFO] - Starting 'Chrome' driver

30-01-2024T07:37:38 - [MESSAGE][INFO] - Action delay is set to 0 milliseconds

30-01-2024T07:37:40 - [MESSAGE][PASSED] - Browser is opened with url: ''

30-01-2024T07:37:40 - [TEST_STEP][PASSED] - navigateToUrl("https://katalon-demo-cura.herokuapp.com/"): Navigate to 'https://katalon-demo-cura.herokuapp.com/' successfully

30-01-2024T07:37:52 - [MESSAGE][PASSED] - Navigate to 'https://katalon-demo-cura.herokuapp.com/' successfully

30-01-2024T07:37:52 - [TEST_STEP][PASSED] - click(findTestObject("CHS_Appointment_OR/Page_CURA Healthcare Service/a_Make Appointment")): Object: 'Object Repository/CHS_Appointment_OR/Page_CURA Healthcare Service/a_Make Appointment' is clicked on

30-01-2024T07:37:53 - [MESSAGE][PASSED] - Object: 'Object Repository/CHS_Appointment_OR/Page_CURA Healthcare Service/a_Make Appointment' is clicked on

30-01-2024T07:37:53 - [TEST_STEP][PASSED] - setText(findTestObject("Object Repository/CHS_Appointment_OR/Page_CURA Healthcare Service/input_username"), "John Doe"): Text 'John Doe' is set on object 'Object Repository/CHS_Appointment_OR/Page_CURA Healthcare Service/input_username'

30-01-2024T07:37:54 - [MESSAGE][PASSED] - Text 'John Doe' is set on object 'Object Repository/CHS_Appointment_OR/Page_CURA Healthcare Service/input_username'

30-01-2024T07:37:54 - [TEST_STEP][PASSED] - setEncryptedText(findTestObject("Object Repository/CHS_Appointment_OR/Page_CURA Healthcare Service/input_password"), "g3/DOGG74jC3Flrr3yH+3D/yKbOqqUNM"): Text ****** has been set on object 'Object Repository/CHS_Appointment_OR/Page_CURA Healthcare Service/input_password'

30-01-2024T07:37:54 - [MESSAGE][PASSED] - Text ****** has been set on object 'Object Repository/CHS_Appointment_OR/Page_CURA Healthcare Service/input_password'

30-01-2024T07:37:54 - [TEST_STEP][PASSED] - click(findTestObject("Object Repository/CHS_Appointment_OR/Page_CURA Healthcare Service/button_Login")): Object: 'Object Repository/CHS_Appointment_OR/Page_CURA Healthcare Service/button_Login' is clicked on

30-01-2024T07:37:55 - [MESSAGE][PASSED] - Object: 'Object Repository/CHS_Appointment_OR/Page_CURA Healthcare Service/button_Login' is clicked on

30-01-2024T07:37:55 - [TEST_STEP][PASSED] - selectOptionByLabel(findTestObject("CHS_DD_Appointment_OR/Page_CURA Healthcare Service/Facility Element"), Facility, false): All options with label 'Tokyo CURA Healthcare Center' are selected in object 'Object Repository/CHS_DD_Appointment_OR/Page_CURA Healthcare Service/Facility Element' 

30-01-2024T07:37:56 - [MESSAGE][PASSED] - All options with label 'Tokyo CURA Healthcare Center' are selected in object 'Object Repository/CHS_DD_Appointment_OR/Page_CURA Healthcare Service/Facility Element' 

30-01-2024T07:37:56 - [TEST_STEP][PASSED] - click(findTestObject("Object Repository/CHS_Appointment_OR/Page_CURA Healthcare Service/input_hospital_readmission")): Object: 'Object Repository/CHS_Appointment_OR/Page_CURA Healthcare Service/input_hospital_readmission' is clicked on

30-01-2024T07:37:56 - [MESSAGE][PASSED] - Object: 'Object Repository/CHS_Appointment_OR/Page_CURA Healthcare Service/input_hospital_readmission' is clicked on

30-01-2024T07:37:56 - [TEST_STEP][PASSED] - verifyElementChecked(findTestObject("CHS_Appointment_OR/Page_CURA Healthcare Service/input_hospital_readmission"), 0): Object 'Object Repository/CHS_Appointment_OR/Page_CURA Healthcare Service/input_hospital_readmission' is checked

30-01-2024T07:37:56 - [MESSAGE][WARNING] - Timeout '0' is invalid. Using default page load timeout: '30'

30-01-2024T07:37:57 - [MESSAGE][PASSED] - Object 'Object Repository/CHS_Appointment_OR/Page_CURA Healthcare Service/input_hospital_readmission' is checked

30-01-2024T07:37:57 - [TEST_STEP][PASSED] - click(findTestObject("Object Repository/CHS_Appointment_OR/Page_CURA Healthcare Service/input_programs")): Object: 'Object Repository/CHS_Appointment_OR/Page_CURA Healthcare Service/input_programs' is clicked on

30-01-2024T07:37:57 - [MESSAGE][PASSED] - Object: 'Object Repository/CHS_Appointment_OR/Page_CURA Healthcare Service/input_programs' is clicked on

30-01-2024T07:37:57 - [TEST_STEP][PASSED] - verifyElementClickable(findTestObject("CHS_Appointment_OR/Page_CURA Healthcare Service/input_programs")): Object 'Object Repository/CHS_Appointment_OR/Page_CURA Healthcare Service/input_programs' is clickable

30-01-2024T07:37:57 - [MESSAGE][PASSED] - Object 'Object Repository/CHS_Appointment_OR/Page_CURA Healthcare Service/input_programs' is clickable

30-01-2024T07:37:57 - [TEST_STEP][PASSED] - click(findTestObject("Object Repository/CHS_Appointment_OR/Page_CURA Healthcare Service/span_glyphicon glyphicon-calendar")): Object: 'Object Repository/CHS_Appointment_OR/Page_CURA Healthcare Service/span_glyphicon glyphicon-calendar' is clicked on

30-01-2024T07:37:57 - [MESSAGE][PASSED] - Object: 'Object Repository/CHS_Appointment_OR/Page_CURA Healthcare Service/span_glyphicon glyphicon-calendar' is clicked on

30-01-2024T07:37:57 - [TEST_STEP][PASSED] - click(findTestObject("Object Repository/CHS_Appointment_OR/Page_CURA Healthcare Service/th_")): Object: 'Object Repository/CHS_Appointment_OR/Page_CURA Healthcare Service/th_' is clicked on

30-01-2024T07:37:58 - [MESSAGE][PASSED] - Object: 'Object Repository/CHS_Appointment_OR/Page_CURA Healthcare Service/th_' is clicked on

30-01-2024T07:37:58 - [TEST_STEP][PASSED] - click(findTestObject("Object Repository/CHS_Appointment_OR/Page_CURA Healthcare Service/td_29")): Object: 'Object Repository/CHS_Appointment_OR/Page_CURA Healthcare Service/td_29' is clicked on

30-01-2024T07:37:58 - [MESSAGE][PASSED] - Object: 'Object Repository/CHS_Appointment_OR/Page_CURA Healthcare Service/td_29' is clicked on

30-01-2024T07:37:58 - [TEST_STEP][PASSED] - setText(findTestObject("Object Repository/CHS_Appointment_OR/Page_CURA Healthcare Service/textarea_comment"), "Test"): Text 'Test' is set on object 'Object Repository/CHS_Appointment_OR/Page_CURA Healthcare Service/textarea_comment'

30-01-2024T07:37:59 - [MESSAGE][PASSED] - Text 'Test' is set on object 'Object Repository/CHS_Appointment_OR/Page_CURA Healthcare Service/textarea_comment'

30-01-2024T07:37:59 - [TEST_STEP][PASSED] - click(findTestObject("Object Repository/CHS_Appointment_OR/Page_CURA Healthcare Service/button_Book Appointment")): Object: 'Object Repository/CHS_Appointment_OR/Page_CURA Healthcare Service/button_Book Appointment' is clicked on

30-01-2024T07:38:01 - [MESSAGE][PASSED] - Object: 'Object Repository/CHS_Appointment_OR/Page_CURA Healthcare Service/button_Book Appointment' is clicked on

30-01-2024T07:38:01 - [TEST_STEP][PASSED] - click(findTestObject("Object Repository/CHS_Appointment_OR/Page_CURA Healthcare Service/h2_Appointment Confirmation")): Object: 'Object Repository/CHS_Appointment_OR/Page_CURA Healthcare Service/h2_Appointment Confirmation' is clicked on

30-01-2024T07:38:02 - [MESSAGE][PASSED] - Object: 'Object Repository/CHS_Appointment_OR/Page_CURA Healthcare Service/h2_Appointment Confirmation' is clicked on

30-01-2024T07:38:02 - [TEST_STEP][PASSED] - closeBrowser(): Browser is closed

30-01-2024T07:38:02 - [MESSAGE][PASSED] - Browser is closed]]></system-out>
         <system-err><![CDATA[]]></system-err>
      </testcase>
      <testcase name="Test Cases/CHS_Data Driven/TC_CHS_Appointment_002" time="24.443" classname="Test Cases/CHS_Data Driven/TC_CHS_Appointment_002" status="PASSED">
         <system-out><![CDATA[30-01-2024T07:38:02 - [TEST_CASE][PASSED] - Test Cases/CHS_Data Driven/TC_CHS_Appointment_002: Test Cases/CHS_Data Driven/TC_CHS_Appointment_002

30-01-2024T07:38:02 - [TEST_STEP][PASSED] - openBrowser(""): Browser is opened with url: ''

30-01-2024T07:38:02 - [MESSAGE][INFO] - Starting 'Chrome' driver

30-01-2024T07:38:02 - [MESSAGE][INFO] - Action delay is set to 0 milliseconds

30-01-2024T07:38:03 - [MESSAGE][PASSED] - Browser is opened with url: ''

30-01-2024T07:38:03 - [TEST_STEP][PASSED] - navigateToUrl("https://katalon-demo-cura.herokuapp.com/"): Navigate to 'https://katalon-demo-cura.herokuapp.com/' successfully

30-01-2024T07:38:17 - [MESSAGE][PASSED] - Navigate to 'https://katalon-demo-cura.herokuapp.com/' successfully

30-01-2024T07:38:17 - [TEST_STEP][PASSED] - click(findTestObject("CHS_Appointment_OR/Page_CURA Healthcare Service/a_Make Appointment")): Object: 'Object Repository/CHS_Appointment_OR/Page_CURA Healthcare Service/a_Make Appointment' is clicked on

30-01-2024T07:38:19 - [MESSAGE][PASSED] - Object: 'Object Repository/CHS_Appointment_OR/Page_CURA Healthcare Service/a_Make Appointment' is clicked on

30-01-2024T07:38:19 - [TEST_STEP][PASSED] - setText(findTestObject("Object Repository/CHS_Appointment_OR/Page_CURA Healthcare Service/input_username"), "John Doe"): Text 'John Doe' is set on object 'Object Repository/CHS_Appointment_OR/Page_CURA Healthcare Service/input_username'

30-01-2024T07:38:19 - [MESSAGE][PASSED] - Text 'John Doe' is set on object 'Object Repository/CHS_Appointment_OR/Page_CURA Healthcare Service/input_username'

30-01-2024T07:38:19 - [TEST_STEP][PASSED] - setEncryptedText(findTestObject("Object Repository/CHS_Appointment_OR/Page_CURA Healthcare Service/input_password"), "g3/DOGG74jC3Flrr3yH+3D/yKbOqqUNM"): Text ****** has been set on object 'Object Repository/CHS_Appointment_OR/Page_CURA Healthcare Service/input_password'

30-01-2024T07:38:20 - [MESSAGE][PASSED] - Text ****** has been set on object 'Object Repository/CHS_Appointment_OR/Page_CURA Healthcare Service/input_password'

30-01-2024T07:38:20 - [TEST_STEP][PASSED] - click(findTestObject("Object Repository/CHS_Appointment_OR/Page_CURA Healthcare Service/button_Login")): Object: 'Object Repository/CHS_Appointment_OR/Page_CURA Healthcare Service/button_Login' is clicked on

30-01-2024T07:38:21 - [MESSAGE][PASSED] - Object: 'Object Repository/CHS_Appointment_OR/Page_CURA Healthcare Service/button_Login' is clicked on

30-01-2024T07:38:21 - [TEST_STEP][PASSED] - selectOptionByLabel(findTestObject("CHS_DD_Appointment_OR/Page_CURA Healthcare Service/Facility Element"), Facility, false): All options with label 'Hongkong CURA Healthcare Center' are selected in object 'Object Repository/CHS_DD_Appointment_OR/Page_CURA Healthcare Service/Facility Element' 

30-01-2024T07:38:22 - [MESSAGE][PASSED] - All options with label 'Hongkong CURA Healthcare Center' are selected in object 'Object Repository/CHS_DD_Appointment_OR/Page_CURA Healthcare Service/Facility Element' 

30-01-2024T07:38:22 - [TEST_STEP][PASSED] - click(findTestObject("Object Repository/CHS_Appointment_OR/Page_CURA Healthcare Service/input_hospital_readmission")): Object: 'Object Repository/CHS_Appointment_OR/Page_CURA Healthcare Service/input_hospital_readmission' is clicked on

30-01-2024T07:38:22 - [MESSAGE][PASSED] - Object: 'Object Repository/CHS_Appointment_OR/Page_CURA Healthcare Service/input_hospital_readmission' is clicked on

30-01-2024T07:38:22 - [TEST_STEP][PASSED] - verifyElementChecked(findTestObject("CHS_Appointment_OR/Page_CURA Healthcare Service/input_hospital_readmission"), 0): Object 'Object Repository/CHS_Appointment_OR/Page_CURA Healthcare Service/input_hospital_readmission' is checked

30-01-2024T07:38:22 - [MESSAGE][WARNING] - Timeout '0' is invalid. Using default page load timeout: '30'

30-01-2024T07:38:22 - [MESSAGE][PASSED] - Object 'Object Repository/CHS_Appointment_OR/Page_CURA Healthcare Service/input_hospital_readmission' is checked

30-01-2024T07:38:22 - [TEST_STEP][PASSED] - click(findTestObject("Object Repository/CHS_Appointment_OR/Page_CURA Healthcare Service/input_programs")): Object: 'Object Repository/CHS_Appointment_OR/Page_CURA Healthcare Service/input_programs' is clicked on

30-01-2024T07:38:23 - [MESSAGE][PASSED] - Object: 'Object Repository/CHS_Appointment_OR/Page_CURA Healthcare Service/input_programs' is clicked on

30-01-2024T07:38:23 - [TEST_STEP][PASSED] - verifyElementClickable(findTestObject("CHS_Appointment_OR/Page_CURA Healthcare Service/input_programs")): Object 'Object Repository/CHS_Appointment_OR/Page_CURA Healthcare Service/input_programs' is clickable

30-01-2024T07:38:23 - [MESSAGE][PASSED] - Object 'Object Repository/CHS_Appointment_OR/Page_CURA Healthcare Service/input_programs' is clickable

30-01-2024T07:38:23 - [TEST_STEP][PASSED] - click(findTestObject("Object Repository/CHS_Appointment_OR/Page_CURA Healthcare Service/span_glyphicon glyphicon-calendar")): Object: 'Object Repository/CHS_Appointment_OR/Page_CURA Healthcare Service/span_glyphicon glyphicon-calendar' is clicked on

30-01-2024T07:38:23 - [MESSAGE][PASSED] - Object: 'Object Repository/CHS_Appointment_OR/Page_CURA Healthcare Service/span_glyphicon glyphicon-calendar' is clicked on

30-01-2024T07:38:23 - [TEST_STEP][PASSED] - click(findTestObject("Object Repository/CHS_Appointment_OR/Page_CURA Healthcare Service/th_")): Object: 'Object Repository/CHS_Appointment_OR/Page_CURA Healthcare Service/th_' is clicked on

30-01-2024T07:38:24 - [MESSAGE][PASSED] - Object: 'Object Repository/CHS_Appointment_OR/Page_CURA Healthcare Service/th_' is clicked on

30-01-2024T07:38:24 - [TEST_STEP][PASSED] - click(findTestObject("Object Repository/CHS_Appointment_OR/Page_CURA Healthcare Service/td_29")): Object: 'Object Repository/CHS_Appointment_OR/Page_CURA Healthcare Service/td_29' is clicked on

30-01-2024T07:38:24 - [MESSAGE][PASSED] - Object: 'Object Repository/CHS_Appointment_OR/Page_CURA Healthcare Service/td_29' is clicked on

30-01-2024T07:38:24 - [TEST_STEP][PASSED] - setText(findTestObject("Object Repository/CHS_Appointment_OR/Page_CURA Healthcare Service/textarea_comment"), "Test"): Text 'Test' is set on object 'Object Repository/CHS_Appointment_OR/Page_CURA Healthcare Service/textarea_comment'

30-01-2024T07:38:25 - [MESSAGE][PASSED] - Text 'Test' is set on object 'Object Repository/CHS_Appointment_OR/Page_CURA Healthcare Service/textarea_comment'

30-01-2024T07:38:25 - [TEST_STEP][PASSED] - click(findTestObject("Object Repository/CHS_Appointment_OR/Page_CURA Healthcare Service/button_Book Appointment")): Object: 'Object Repository/CHS_Appointment_OR/Page_CURA Healthcare Service/button_Book Appointment' is clicked on

30-01-2024T07:38:26 - [MESSAGE][PASSED] - Object: 'Object Repository/CHS_Appointment_OR/Page_CURA Healthcare Service/button_Book Appointment' is clicked on

30-01-2024T07:38:26 - [TEST_STEP][PASSED] - click(findTestObject("Object Repository/CHS_Appointment_OR/Page_CURA Healthcare Service/h2_Appointment Confirmation")): Object: 'Object Repository/CHS_Appointment_OR/Page_CURA Healthcare Service/h2_Appointment Confirmation' is clicked on

30-01-2024T07:38:26 - [MESSAGE][PASSED] - Object: 'Object Repository/CHS_Appointment_OR/Page_CURA Healthcare Service/h2_Appointment Confirmation' is clicked on

30-01-2024T07:38:26 - [TEST_STEP][PASSED] - closeBrowser(): Browser is closed

30-01-2024T07:38:26 - [MESSAGE][PASSED] - Browser is closed]]></system-out>
         <system-err><![CDATA[]]></system-err>
      </testcase>
      <testcase name="Test Cases/CHS_Data Driven/TC_CHS_Appointment_002" time="28.088" classname="Test Cases/CHS_Data Driven/TC_CHS_Appointment_002" status="PASSED">
         <system-out><![CDATA[30-01-2024T07:38:26 - [TEST_CASE][PASSED] - Test Cases/CHS_Data Driven/TC_CHS_Appointment_002: Test Cases/CHS_Data Driven/TC_CHS_Appointment_002

30-01-2024T07:38:26 - [TEST_STEP][PASSED] - openBrowser(""): Browser is opened with url: ''

30-01-2024T07:38:26 - [MESSAGE][INFO] - Starting 'Chrome' driver

30-01-2024T07:38:26 - [MESSAGE][INFO] - Action delay is set to 0 milliseconds

30-01-2024T07:38:27 - [MESSAGE][PASSED] - Browser is opened with url: ''

30-01-2024T07:38:27 - [TEST_STEP][PASSED] - navigateToUrl("https://katalon-demo-cura.herokuapp.com/"): Navigate to 'https://katalon-demo-cura.herokuapp.com/' successfully

30-01-2024T07:38:43 - [MESSAGE][PASSED] - Navigate to 'https://katalon-demo-cura.herokuapp.com/' successfully

30-01-2024T07:38:43 - [TEST_STEP][PASSED] - click(findTestObject("CHS_Appointment_OR/Page_CURA Healthcare Service/a_Make Appointment")): Object: 'Object Repository/CHS_Appointment_OR/Page_CURA Healthcare Service/a_Make Appointment' is clicked on

30-01-2024T07:38:46 - [MESSAGE][PASSED] - Object: 'Object Repository/CHS_Appointment_OR/Page_CURA Healthcare Service/a_Make Appointment' is clicked on

30-01-2024T07:38:46 - [TEST_STEP][PASSED] - setText(findTestObject("Object Repository/CHS_Appointment_OR/Page_CURA Healthcare Service/input_username"), "John Doe"): Text 'John Doe' is set on object 'Object Repository/CHS_Appointment_OR/Page_CURA Healthcare Service/input_username'

30-01-2024T07:38:47 - [MESSAGE][PASSED] - Text 'John Doe' is set on object 'Object Repository/CHS_Appointment_OR/Page_CURA Healthcare Service/input_username'

30-01-2024T07:38:47 - [TEST_STEP][PASSED] - setEncryptedText(findTestObject("Object Repository/CHS_Appointment_OR/Page_CURA Healthcare Service/input_password"), "g3/DOGG74jC3Flrr3yH+3D/yKbOqqUNM"): Text ****** has been set on object 'Object Repository/CHS_Appointment_OR/Page_CURA Healthcare Service/input_password'

30-01-2024T07:38:47 - [MESSAGE][PASSED] - Text ****** has been set on object 'Object Repository/CHS_Appointment_OR/Page_CURA Healthcare Service/input_password'

30-01-2024T07:38:47 - [TEST_STEP][PASSED] - click(findTestObject("Object Repository/CHS_Appointment_OR/Page_CURA Healthcare Service/button_Login")): Object: 'Object Repository/CHS_Appointment_OR/Page_CURA Healthcare Service/button_Login' is clicked on

30-01-2024T07:38:49 - [MESSAGE][PASSED] - Object: 'Object Repository/CHS_Appointment_OR/Page_CURA Healthcare Service/button_Login' is clicked on

30-01-2024T07:38:49 - [TEST_STEP][PASSED] - selectOptionByLabel(findTestObject("CHS_DD_Appointment_OR/Page_CURA Healthcare Service/Facility Element"), Facility, false): All options with label 'Seoul CURA Healthcare Center' are selected in object 'Object Repository/CHS_DD_Appointment_OR/Page_CURA Healthcare Service/Facility Element' 

30-01-2024T07:38:50 - [MESSAGE][PASSED] - All options with label 'Seoul CURA Healthcare Center' are selected in object 'Object Repository/CHS_DD_Appointment_OR/Page_CURA Healthcare Service/Facility Element' 

30-01-2024T07:38:50 - [TEST_STEP][PASSED] - click(findTestObject("Object Repository/CHS_Appointment_OR/Page_CURA Healthcare Service/input_hospital_readmission")): Object: 'Object Repository/CHS_Appointment_OR/Page_CURA Healthcare Service/input_hospital_readmission' is clicked on

30-01-2024T07:38:50 - [MESSAGE][PASSED] - Object: 'Object Repository/CHS_Appointment_OR/Page_CURA Healthcare Service/input_hospital_readmission' is clicked on

30-01-2024T07:38:50 - [TEST_STEP][PASSED] - verifyElementChecked(findTestObject("CHS_Appointment_OR/Page_CURA Healthcare Service/input_hospital_readmission"), 0): Object 'Object Repository/CHS_Appointment_OR/Page_CURA Healthcare Service/input_hospital_readmission' is checked

30-01-2024T07:38:50 - [MESSAGE][WARNING] - Timeout '0' is invalid. Using default page load timeout: '30'

30-01-2024T07:38:50 - [MESSAGE][PASSED] - Object 'Object Repository/CHS_Appointment_OR/Page_CURA Healthcare Service/input_hospital_readmission' is checked

30-01-2024T07:38:50 - [TEST_STEP][PASSED] - click(findTestObject("Object Repository/CHS_Appointment_OR/Page_CURA Healthcare Service/input_programs")): Object: 'Object Repository/CHS_Appointment_OR/Page_CURA Healthcare Service/input_programs' is clicked on

30-01-2024T07:38:51 - [MESSAGE][PASSED] - Object: 'Object Repository/CHS_Appointment_OR/Page_CURA Healthcare Service/input_programs' is clicked on

30-01-2024T07:38:51 - [TEST_STEP][PASSED] - verifyElementClickable(findTestObject("CHS_Appointment_OR/Page_CURA Healthcare Service/input_programs")): Object 'Object Repository/CHS_Appointment_OR/Page_CURA Healthcare Service/input_programs' is clickable

30-01-2024T07:38:51 - [MESSAGE][PASSED] - Object 'Object Repository/CHS_Appointment_OR/Page_CURA Healthcare Service/input_programs' is clickable

30-01-2024T07:38:51 - [TEST_STEP][PASSED] - click(findTestObject("Object Repository/CHS_Appointment_OR/Page_CURA Healthcare Service/span_glyphicon glyphicon-calendar")): Object: 'Object Repository/CHS_Appointment_OR/Page_CURA Healthcare Service/span_glyphicon glyphicon-calendar' is clicked on

30-01-2024T07:38:51 - [MESSAGE][PASSED] - Object: 'Object Repository/CHS_Appointment_OR/Page_CURA Healthcare Service/span_glyphicon glyphicon-calendar' is clicked on

30-01-2024T07:38:51 - [TEST_STEP][PASSED] - click(findTestObject("Object Repository/CHS_Appointment_OR/Page_CURA Healthcare Service/th_")): Object: 'Object Repository/CHS_Appointment_OR/Page_CURA Healthcare Service/th_' is clicked on

30-01-2024T07:38:52 - [MESSAGE][PASSED] - Object: 'Object Repository/CHS_Appointment_OR/Page_CURA Healthcare Service/th_' is clicked on

30-01-2024T07:38:52 - [TEST_STEP][PASSED] - click(findTestObject("Object Repository/CHS_Appointment_OR/Page_CURA Healthcare Service/td_29")): Object: 'Object Repository/CHS_Appointment_OR/Page_CURA Healthcare Service/td_29' is clicked on

30-01-2024T07:38:52 - [MESSAGE][PASSED] - Object: 'Object Repository/CHS_Appointment_OR/Page_CURA Healthcare Service/td_29' is clicked on

30-01-2024T07:38:52 - [TEST_STEP][PASSED] - setText(findTestObject("Object Repository/CHS_Appointment_OR/Page_CURA Healthcare Service/textarea_comment"), "Test"): Text 'Test' is set on object 'Object Repository/CHS_Appointment_OR/Page_CURA Healthcare Service/textarea_comment'

30-01-2024T07:38:53 - [MESSAGE][PASSED] - Text 'Test' is set on object 'Object Repository/CHS_Appointment_OR/Page_CURA Healthcare Service/textarea_comment'

30-01-2024T07:38:53 - [TEST_STEP][PASSED] - click(findTestObject("Object Repository/CHS_Appointment_OR/Page_CURA Healthcare Service/button_Book Appointment")): Object: 'Object Repository/CHS_Appointment_OR/Page_CURA Healthcare Service/button_Book Appointment' is clicked on

30-01-2024T07:38:54 - [MESSAGE][PASSED] - Object: 'Object Repository/CHS_Appointment_OR/Page_CURA Healthcare Service/button_Book Appointment' is clicked on

30-01-2024T07:38:54 - [TEST_STEP][PASSED] - click(findTestObject("Object Repository/CHS_Appointment_OR/Page_CURA Healthcare Service/h2_Appointment Confirmation")): Object: 'Object Repository/CHS_Appointment_OR/Page_CURA Healthcare Service/h2_Appointment Confirmation' is clicked on

30-01-2024T07:38:54 - [MESSAGE][PASSED] - Object: 'Object Repository/CHS_Appointment_OR/Page_CURA Healthcare Service/h2_Appointment Confirmation' is clicked on

30-01-2024T07:38:54 - [TEST_STEP][PASSED] - closeBrowser(): Browser is closed

30-01-2024T07:38:54 - [MESSAGE][PASSED] - Browser is closed]]></system-out>
         <system-err><![CDATA[]]></system-err>
      </testcase>
      <system-out><![CDATA[30-01-2024T07:37:38 - [TEST_SUITE][PASSED] - CHS_DDT_Appointment_Facility: Test Cases/CHS_Data Driven/TC_CHS_Appointment_002]]></system-out>
      <system-err><![CDATA[]]></system-err>
   </testsuite>
</testsuites>
